Not Found: /champions/champ.image
Not Found: /champions/teambuilder/apps/lol/static/img/champion/Aatrox_Splash_0_e.jpg
Not Found: /champions/teambuilder/apps/lol/static/img/champion/Akali_Splash_0_e.jpg
Not Found: /champions/teambuilder/apps/lol/static/img/champion/Ahri_Splash_0_e.jpg
Not Found: /champions/teambuilder/apps/lol/static/img/champion/Alistar_Splash_0_e.jpg
Not Found: /champions/teambuilder/apps/lol/static/img/champion/Anivia_Splash_0_e.jpg
Not Found: /champions/teambuilder/apps/lol/static/img/champion/Amumu_Splash_0_e.jpg
Not Found: /champions/teambuilder/apps/lol/static/img/champion/Annie_Splash_0_e.jpg
Not Found: /champions/teambuilder/apps/lol/static/img/champion/Ashe_Splash_0_e.jpg
Not Found: /champions/teambuilder/apps/lol/static/img/champion/Blitzcrank_Splash_0_e.jpg
Not Found: /champions/teambuilder/apps/lol/static/img/champion/Brand_Splash_0_e.jpg
Not Found: /champions/teambuilder/apps/lol/static/img/champion/Caitlyn_Splash_0_e.jpg
Not Found: /champions/teambuilder/apps/lol/static/img/champion/Cassiopeia_Splash_0_e.jpg
Not Found: /champions/teambuilder/apps/lol/static/img/champion/Chogath_Splash_0_e.jpg
Not Found: /champions/teambuilder/apps/lol/static/img/champion/Corki_Splash_0_e.jpg
Not Found: /champions/teambuilder/apps/lol/static/img/champion/Darius_Splash_0_e.jpg
Not Found: /champions/teambuilder/apps/lol/static/img/champion/Diana_Splash_0_e.jpg
Not Found: /champions/teambuilder/apps/lol/static/img/champion/DrMundo_Splash_0_e.jpg
Not Found: /champions/teambuilder/apps/lol/static/img/champion/Draven_Splash_0_e.jpg
Not Found: /champions/teambuilder/apps/lol/static/img/champion/Elise_Splash_0_e.jpg
Not Found: /champions/teambuilder/apps/lol/static/img/champion/Evelynn_Splash_0_e.jpg
Not Found: /champions/teambuilder/apps/lol/static/img/champion/FiddleSticks_Splash_0_e.jpg
Not Found: /champions/teambuilder/apps/lol/static/img/champion/Ezreal_Splash_0_e.jpg
Not Found: /champions/teambuilder/apps/lol/static/img/champion/Fiora_Splash_0_e.jpg
Not Found: /champions/teambuilder/apps/lol/static/img/champion/Fizz_Splash_0_e.jpg
Not Found: /champions/teambuilder/apps/lol/static/img/champion/Galio_Splash_0_e.jpg
Not Found: /champions/teambuilder/apps/lol/static/img/champion/Gangplank_Splash_0_e.jpg
Not Found: /champions/teambuilder/apps/lol/static/img/champion/Garen_Splash_0_e.jpg
Not Found: /champions/teambuilder/apps/lol/static/img/champion/Gragas_Splash_0_e.jpg
Not Found: /champions/teambuilder/apps/lol/static/img/champion/Graves_Splash_0_e.jpg
Not Found: /champions/teambuilder/apps/lol/static/img/champion/Hecarim_Splash_0_e.jpg
Not Found: /champions/teambuilder/apps/lol/static/img/champion/Heimerdinger_Splash_0_e.jpg
Not Found: /champions/teambuilder/apps/lol/static/img/champion/Irelia_Splash_0_e.jpg
Not Found: /champions/teambuilder/apps/lol/static/img/champion/Janna_Splash_0_e.jpg
Not Found: /champions/teambuilder/apps/lol/static/img/champion/JarvanIV_Splash_0_e.jpg
Not Found: /champions/teambuilder/apps/lol/static/img/champion/Jax_Splash_0_e.jpg
Not Found: /champions/teambuilder/apps/lol/static/img/champion/Jinx_Splash_0_e.jpg
Not Found: /champions/teambuilder/apps/lol/static/img/champion/Jayce_Splash_0_e.jpg
Not Found: /champions/teambuilder/apps/lol/static/img/champion/Karma_Splash_0_e.jpg
Not Found: /champions/teambuilder/apps/lol/static/img/champion/Karthus_Splash_0_e.jpg
Not Found: /champions/teambuilder/apps/lol/static/img/champion/Kassadin_Splash_0_e.jpg
Not Found: /champions/teambuilder/apps/lol/static/img/champion/Katarina_Splash_0_e.jpg
Not Found: /champions/teambuilder/apps/lol/static/img/champion/Kayle_Splash_0_e.jpg
Not Found: /champions/teambuilder/apps/lol/static/img/champion/Kennen_Splash_0_e.jpg
Not Found: /champions/teambuilder/apps/lol/static/img/champion/Khazix_Splash_0_e.jpg
Not Found: /champions/teambuilder/apps/lol/static/img/champion/KogMaw_Splash_0_e.jpg
Not Found: /champions/teambuilder/apps/lol/static/img/champion/Leblanc_Splash_0_e.jpg
Not Found: /champions/teambuilder/apps/lol/static/img/champion/LeeSin_Splash_0_e.jpg
Not Found: /champions/teambuilder/apps/lol/static/img/champion/Leona_Splash_0_e.jpg
Not Found: /champions/teambuilder/apps/lol/static/img/champion/Lissandra_Splash_0_e.jpg
Not Found: /champions/teambuilder/apps/lol/static/img/champion/Lulu_Splash_0_e.jpg
Not Found: /champions/teambuilder/apps/lol/static/img/champion/Lucian_Splash_0_e.jpg
Not Found: /champions/teambuilder/apps/lol/static/img/champion/Lux_Splash_0_e.jpg
Not Found: /champions/teambuilder/apps/lol/static/img/champion/Malphite_Splash_0_e.jpg
Not Found: /champions/teambuilder/apps/lol/static/img/champion/Malzahar_Splash_0_e.jpg
Not Found: /champions/teambuilder/apps/lol/static/img/champion/Maokai_Splash_0_e.jpg
Not Found: /champions/teambuilder/apps/lol/static/img/champion/MasterYi_Splash_0_e.jpg
Not Found: /champions/teambuilder/apps/lol/static/img/champion/MissFortune_Splash_0_e.jpg
Not Found: /champions/teambuilder/apps/lol/static/img/champion/Mordekaiser_Splash_0_e.jpg
Not Found: /champions/teambuilder/apps/lol/static/img/champion/Morgana_Splash_0_e.jpg
Not Found: /champions/teambuilder/apps/lol/static/img/champion/MonkeyKing_Splash_0_e.jpg
Not Found: /champions/teambuilder/apps/lol/static/img/champion/Nami_Splash_0_e.jpg
Not Found: /champions/teambuilder/apps/lol/static/img/champion/Nasus_Splash_0_e.jpg
Not Found: /champions/teambuilder/apps/lol/static/img/champion/Nautilus_Splash_0_e.jpg
Not Found: /champions/teambuilder/apps/lol/static/img/champion/Nidalee_Splash_0_e.jpg
Not Found: /champions/teambuilder/apps/lol/static/img/champion/Nocturne_Splash_0_e.jpg
Not Found: /champions/teambuilder/apps/lol/static/img/champion/Nunu_Splash_0_e.jpg
Not Found: /champions/teambuilder/apps/lol/static/img/champion/Orianna_Splash_0_e.jpg
Not Found: /champions/teambuilder/apps/lol/static/img/champion/Olaf_Splash_0_e.jpg
Not Found: /champions/teambuilder/apps/lol/static/img/champion/Pantheon_Splash_0_e.jpg
Not Found: /champions/teambuilder/apps/lol/static/img/champion/Poppy_Splash_0_e.jpg
Not Found: /champions/teambuilder/apps/lol/static/img/champion/Quinn_Splash_0_e.jpg
Not Found: /champions/teambuilder/apps/lol/static/img/champion/Rammus_Splash_0_e.jpg
Not Found: /champions/teambuilder/apps/lol/static/img/champion/Renekton_Splash_0_e.jpg
Not Found: /champions/teambuilder/apps/lol/static/img/champion/Rengar_Splash_0_e.jpg
Not Found: /champions/teambuilder/apps/lol/static/img/champion/Riven_Splash_0_e.jpg
Not Found: /champions/teambuilder/apps/lol/static/img/champion/Rumble_Splash_0_e.jpg
Not Found: /champions/teambuilder/apps/lol/static/img/champion/Ryze_Splash_0_e.jpg
Not Found: /champions/teambuilder/apps/lol/static/img/champion/Sejuani_Splash_0_e.jpg
Not Found: /champions/teambuilder/apps/lol/static/img/champion/Shaco_Splash_0_e.jpg
Not Found: /champions/teambuilder/apps/lol/static/img/champion/Shen_Splash_0_e.jpg
Not Found: /champions/teambuilder/apps/lol/static/img/champion/Shyvana_Splash_0_e.jpg
Not Found: /champions/teambuilder/apps/lol/static/img/champion/Sion_Splash_0_e.jpg
Not Found: /champions/teambuilder/apps/lol/static/img/champion/Singed_Splash_0_e.jpg
Not Found: /champions/teambuilder/apps/lol/static/img/champion/Sivir_Splash_0_e.jpg
Not Found: /champions/teambuilder/apps/lol/static/img/champion/Skarner_Splash_0_e.jpg
Not Found: /champions/teambuilder/apps/lol/static/img/champion/Sona_Splash_0_e.jpg
Not Found: /champions/teambuilder/apps/lol/static/img/champion/Soraka_Splash_0_e.jpg
Not Found: /champions/teambuilder/apps/lol/static/img/champion/Syndra_Splash_0_e.jpg
Not Found: /champions/teambuilder/apps/lol/static/img/champion/Swain_Splash_0_e.jpg
Not Found: /champions/teambuilder/apps/lol/static/img/champion/Talon_Splash_0_e.jpg
Not Found: /champions/teambuilder/apps/lol/static/img/champion/Taric_Splash_0_e.jpg
Not Found: /champions/teambuilder/apps/lol/static/img/champion/Teemo_Splash_0_e.jpg
Not Found: /champions/teambuilder/apps/lol/static/img/champion/Thresh_Splash_0_e.jpg
Not Found: /champions/teambuilder/apps/lol/static/img/champion/Tristana_Splash_0_e.jpg
Not Found: /champions/teambuilder/apps/lol/static/img/champion/Trundle_Splash_0_e.jpg
Not Found: /champions/teambuilder/apps/lol/static/img/champion/Tryndamere_Splash_0_e.jpg
Not Found: /champions/teambuilder/apps/lol/static/img/champion/Twitch_Splash_0_e.jpg
Not Found: /champions/teambuilder/apps/lol/static/img/champion/TwistedFate_Splash_0_e.jpg
Not Found: /champions/teambuilder/apps/lol/static/img/champion/Urgot_Splash_0_e.jpg
Not Found: /champions/teambuilder/apps/lol/static/img/champion/Udyr_Splash_0_e.jpg
Not Found: /champions/teambuilder/apps/lol/static/img/champion/Varus_Splash_0_e.jpg
Not Found: /champions/teambuilder/apps/lol/static/img/champion/Vayne_Splash_0_e.jpg
Not Found: /champions/teambuilder/apps/lol/static/img/champion/Veigar_Splash_0_e.jpg
Not Found: /champions/teambuilder/apps/lol/static/img/champion/Vi_Splash_0_e.jpg
Not Found: /champions/teambuilder/apps/lol/static/img/champion/Viktor_Splash_0_e.jpg
Not Found: /champions/teambuilder/apps/lol/static/img/champion/Vladimir_Splash_0_e.jpg
Not Found: /champions/teambuilder/apps/lol/static/img/champion/Volibear_Splash_0_e.jpg
Not Found: /champions/teambuilder/apps/lol/static/img/champion/Warwick_Splash_0_e.jpg
Not Found: /champions/teambuilder/apps/lol/static/img/champion/Xerath_Splash_0_e.jpg
Not Found: /champions/teambuilder/apps/lol/static/img/champion/XinZhao_Splash_0_e.jpg
Not Found: /champions/teambuilder/apps/lol/static/img/champion/Yasuo_Splash_0_e.jpg
Not Found: /champions/teambuilder/apps/lol/static/img/champion/Yorick_Splash_0_e.jpg
Not Found: /champions/teambuilder/apps/lol/static/img/champion/Zac_Splash_0_e.jpg
Not Found: /champions/teambuilder/apps/lol/static/img/champion/Zed_Splash_0_e.jpg
Not Found: /champions/teambuilder/apps/lol/static/img/champion/Ziggs_Splash_0_e.jpg
Not Found: /champions/teambuilder/apps/lol/static/img/champion/Zilean_Splash_0_e.jpg
Not Found: /champions/teambuilder/apps/lol/static/img/champion/Zyra_Splash_0_e.jpg
Not Found: /champions/static/img/champion/Aatrox_Splash_0_e.jpg
